<?xml version="1.0" encoding="UTF-8"?>
<testng-results total="4" passed="0" failed="0" skipped="4">
  <reporter-output>
  </reporter-output>
  <suite started-at="2023-02-21T11:32:33Z" name="Suite" finished-at="2023-02-21T11:33:48Z" duration-ms="74807">
    <groups>
    </groups>
    <test started-at="2023-02-21T11:32:33Z" name="Test" finished-at="2023-02-21T11:33:48Z" duration-ms="74807">
      <class name="testscripts.ThirdTest">
        <test-method is-config="true" signature="classConfigaration()[pri:0, instance:testscripts.ThirdTest@4df50bcc]" started-at="2023-02-21T17:02:33Z" name="classConfigaration" finished-at="2023-02-21T17:02:36Z" duration-ms="3346" status="PASS">
          <reporter-output>
          </reporter-output>
        </test-method> <!-- classConfigaration -->
        <test-method is-config="true" signature="methodConfiguration()[pri:0, instance:testscripts.ThirdTest@4df50bcc]" started-at="2023-02-21T17:02:36Z" name="methodConfiguration" finished-at="2023-02-21T17:02:36Z" duration-ms="0" status="FAIL">
          <exception class="org.openqa.selenium.NoSuchWindowException">
            <message>
              <![CDATA[no such window: target window already closed
from unknown error: web view not found
  (Session info: chrome=110.0.5481.104)
Build info: version: '4.7.0', revision: '0a5b49d16f'
System info: os.name: 'Windows 10', os.arch: 'amd64', os.version: '10.0', java.version: '17.0.6'
Driver info: org.openqa.selenium.chrome.ChromeDriver
Command: [e5ce9aa4927140abd049da747bef0238, findElement {using=xpath, value=//img[@alt='SkillRary']}]
Capabilities {acceptInsecureCerts: false, browserName: chrome, browserVersion: 110.0.5481.104, chrome: {chromedriverVersion: 110.0.5481.77 (65ed616c6e8e..., userDataDir: C:\Users\Mr\AppData\Local\T...}, goog:chromeOptions: {debuggerAddress: localhost:62859}, networkConnectionEnabled: false, pageLoadStrategy: normal, platformName: WINDOWS, proxy: Proxy(), se:cdp: ws://localhost:62859/devtoo..., se:cdpVersion: 110.0.5481.104, setWindowRect: true, strictFileInteractability: false, timeouts: {implicit: 0, pageLoad: 300000, script: 30000}, unhandledPromptBehavior: dismiss and notify, webauthn:extension:credBlob: true, webauthn:extension:largeBlob: true, webauthn:virtualAuthenticators: true}
Session ID: e5ce9aa4927140abd049da747bef0238]]>
            </message>
            <full-stacktrace>
              <![CDATA[org.openqa.selenium.NoSuchWindowException: no such window: target window already closed
from unknown error: web view not found
  (Session info: chrome=110.0.5481.104)
Build info: version: '4.7.0', revision: '0a5b49d16f'
System info: os.name: 'Windows 10', os.arch: 'amd64', os.version: '10.0', java.version: '17.0.6'
Driver info: org.openqa.selenium.chrome.ChromeDriver
Command: [e5ce9aa4927140abd049da747bef0238, findElement {using=xpath, value=//img[@alt='SkillRary']}]
Capabilities {acceptInsecureCerts: false, browserName: chrome, browserVersion: 110.0.5481.104, chrome: {chromedriverVersion: 110.0.5481.77 (65ed616c6e8e..., userDataDir: C:\Users\Mr\AppData\Local\T...}, goog:chromeOptions: {debuggerAddress: localhost:62859}, networkConnectionEnabled: false, pageLoadStrategy: normal, platformName: WINDOWS, proxy: Proxy(), se:cdp: ws://localhost:62859/devtoo..., se:cdpVersion: 110.0.5481.104, setWindowRect: true, strictFileInteractability: false, timeouts: {implicit: 0, pageLoad: 300000, script: 30000}, unhandledPromptBehavior: dismiss and notify, webauthn:extension:credBlob: true, webauthn:extension:largeBlob: true, webauthn:virtualAuthenticators: true}
Session ID: e5ce9aa4927140abd049da747bef0238
	at java.base/jdk.internal.reflect.NativeConstructorAccessorImpl.newInstance0(Native Method)
	at java.base/jdk.internal.reflect.NativeConstructorAccessorImpl.newInstance(NativeConstructorAccessorImpl.java:77)
	at java.base/jdk.internal.reflect.DelegatingConstructorAccessorImpl.newInstance(DelegatingConstructorAccessorImpl.java:45)
	at java.base/java.lang.reflect.Constructor.newInstanceWithCaller(Constructor.java:499)
	at java.base/java.lang.reflect.Constructor.newInstance(Constructor.java:480)
	at org.openqa.selenium.remote.codec.w3c.W3CHttpResponseCodec.createException(W3CHttpResponseCodec.java:200)
	at org.openqa.selenium.remote.codec.w3c.W3CHttpResponseCodec.decode(W3CHttpResponseCodec.java:133)
	at org.openqa.selenium.remote.codec.w3c.W3CHttpResponseCodec.decode(W3CHttpResponseCodec.java:53)
	at org.openqa.selenium.remote.HttpCommandExecutor.execute(HttpCommandExecutor.java:184)
	at org.openqa.selenium.remote.service.DriverCommandExecutor.invokeExecute(DriverCommandExecutor.java:167)
	at org.openqa.selenium.remote.service.DriverCommandExecutor.execute(DriverCommandExecutor.java:142)
	at org.openqa.selenium.remote.RemoteWebDriver.execute(RemoteWebDriver.java:541)
	at org.openqa.selenium.remote.ElementLocation$ElementFinder$2.findElement(ElementLocation.java:162)
	at org.openqa.selenium.remote.ElementLocation.findElement(ElementLocation.java:60)
	at org.openqa.selenium.remote.RemoteWebDriver.findElement(RemoteWebDriver.java:365)
	at org.openqa.selenium.remote.RemoteWebDriver.findElement(RemoteWebDriver.java:357)
	at org.openqa.selenium.support.pagefactory.DefaultElementLocator.findElement(DefaultElementLocator.java:70)
	at org.openqa.selenium.support.pagefactory.internal.LocatingElementHandler.invoke(LocatingElementHandler.java:39)
	at jdk.proxy2/jdk.proxy2.$Proxy17.isDisplayed(Unknown Source)
	at genericLibraries.BaseClass.methodConfiguration(BaseClass.java:53)
	at java.base/jdk.internal.reflect.NativeMethodAccessorImpl.invoke0(Native Method)
	at java.base/jdk.internal.reflect.NativeMethodAccessorImpl.invoke(NativeMethodAccessorImpl.java:77)
	at java.base/jdk.internal.reflect.DelegatingMethodAccessorImpl.invoke(DelegatingMethodAccessorImpl.java:43)
	at java.base/java.lang.reflect.Method.invoke(Method.java:568)
	at org.testng.internal.MethodInvocationHelper.invokeMethod(MethodInvocationHelper.java:85)
	at org.testng.internal.Invoker.invokeConfigurationMethod(Invoker.java:510)
	at org.testng.internal.Invoker.invokeConfigurations(Invoker.java:211)
	at org.testng.internal.Invoker.invokeMethod(Invoker.java:585)
	at org.testng.internal.Invoker.invokeTestMethod(Invoker.java:816)
	at org.testng.internal.Invoker.invokeTestMethods(Invoker.java:1124)
	at org.testng.internal.TestMethodWorker.invokeTestMethods(TestMethodWorker.java:125)
	at org.testng.internal.TestMethodWorker.run(TestMethodWorker.java:108)
	at org.testng.TestRunner.privateRun(TestRunner.java:774)
	at org.testng.TestRunner.run(TestRunner.java:624)
	at org.testng.SuiteRunner.runTest(SuiteRunner.java:359)
	at org.testng.SuiteRunner.runSequentially(SuiteRunner.java:354)
	at org.testng.SuiteRunner.privateRun(SuiteRunner.java:312)
	at org.testng.SuiteRunner.run(SuiteRunner.java:261)
	at org.testng.SuiteRunnerWorker.runSuite(SuiteRunnerWorker.java:52)
	at org.testng.SuiteRunnerWorker.run(SuiteRunnerWorker.java:86)
	at org.testng.TestNG.runSuitesSequentially(TestNG.java:1191)
	at org.testng.TestNG.runSuitesLocally(TestNG.java:1116)
	at org.testng.TestNG.run(TestNG.java:1024)
	at org.testng.remote.AbstractRemoteTestNG.run(AbstractRemoteTestNG.java:115)
	at org.testng.remote.RemoteTestNG.initAndRun(RemoteTestNG.java:251)
	at org.testng.remote.RemoteTestNG.main(RemoteTestNG.java:77)
]]>
            </full-stacktrace>
          </exception> <!-- org.openqa.selenium.NoSuchWindowException -->
          <reporter-output>
          </reporter-output>
        </test-method> <!-- methodConfiguration -->
        <test-method signature="thirdTest()[pri:0, instance:testscripts.ThirdTest@4df50bcc]" started-at="2023-02-21T17:03:48Z" name="thirdTest" finished-at="2023-02-21T17:03:48Z" duration-ms="2" status="SKIP">
          <reporter-output>
          </reporter-output>
        </test-method> <!-- thirdTest -->
        <test-method is-config="true" signature="methodTearDown()[pri:0, instance:testscripts.ThirdTest@4df50bcc]" started-at="2023-02-21T17:03:48Z" name="methodTearDown" finished-at="2023-02-21T17:03:48Z" duration-ms="0" status="SKIP">
          <reporter-output>
          </reporter-output>
        </test-method> <!-- methodTearDown -->
        <test-method is-config="true" signature="classTearDown()[pri:0, instance:testscripts.ThirdTest@4df50bcc]" started-at="2023-02-21T17:03:48Z" name="classTearDown" finished-at="2023-02-21T17:03:48Z" duration-ms="0" status="SKIP">
          <reporter-output>
          </reporter-output>
        </test-method> <!-- classTearDown -->
      </class> <!-- testscripts.ThirdTest -->
      <class name="testscripts.FourthTest">
        <test-method is-config="true" signature="classConfigaration()[pri:0, instance:testscripts.FourthTest@54c562f7]" started-at="2023-02-21T17:03:48Z" name="classConfigaration" finished-at="2023-02-21T17:03:48Z" duration-ms="0" status="SKIP">
          <reporter-output>
          </reporter-output>
        </test-method> <!-- classConfigaration -->
        <test-method is-config="true" signature="methodConfiguration()[pri:0, instance:testscripts.FourthTest@54c562f7]" started-at="2023-02-21T17:03:48Z" name="methodConfiguration" finished-at="2023-02-21T17:03:48Z" duration-ms="0" status="SKIP">
          <reporter-output>
          </reporter-output>
        </test-method> <!-- methodConfiguration -->
        <test-method signature="fourthTest()[pri:0, instance:testscripts.FourthTest@54c562f7]" started-at="2023-02-21T17:03:48Z" name="fourthTest" finished-at="2023-02-21T17:03:48Z" duration-ms="3" status="SKIP">
          <reporter-output>
          </reporter-output>
        </test-method> <!-- fourthTest -->
        <test-method is-config="true" signature="methodTearDown()[pri:0, instance:testscripts.FourthTest@54c562f7]" started-at="2023-02-21T17:03:48Z" name="methodTearDown" finished-at="2023-02-21T17:03:48Z" duration-ms="0" status="SKIP">
          <reporter-output>
          </reporter-output>
        </test-method> <!-- methodTearDown -->
        <test-method is-config="true" signature="classTearDown()[pri:0, instance:testscripts.FourthTest@54c562f7]" started-at="2023-02-21T17:03:48Z" name="classTearDown" finished-at="2023-02-21T17:03:48Z" duration-ms="0" status="SKIP">
          <reporter-output>
          </reporter-output>
        </test-method> <!-- classTearDown -->
      </class> <!-- testscripts.FourthTest -->
      <class name="testscripts.SecondTest">
        <test-method is-config="true" signature="classConfigaration()[pri:0, instance:testscripts.SecondTest@63a65a25]" started-at="2023-02-21T17:03:48Z" name="classConfigaration" finished-at="2023-02-21T17:03:48Z" duration-ms="0" status="SKIP">
          <reporter-output>
          </reporter-output>
        </test-method> <!-- classConfigaration -->
        <test-method is-config="true" signature="methodConfiguration()[pri:0, instance:testscripts.SecondTest@63a65a25]" started-at="2023-02-21T17:03:48Z" name="methodConfiguration" finished-at="2023-02-21T17:03:48Z" duration-ms="0" status="SKIP">
          <reporter-output>
          </reporter-output>
        </test-method> <!-- methodConfiguration -->
        <test-method signature="secondTest()[pri:0, instance:testscripts.SecondTest@63a65a25]" started-at="2023-02-21T17:03:48Z" name="secondTest" finished-at="2023-02-21T17:03:48Z" duration-ms="2" status="SKIP">
          <reporter-output>
          </reporter-output>
        </test-method> <!-- secondTest -->
        <test-method is-config="true" signature="methodTearDown()[pri:0, instance:testscripts.SecondTest@63a65a25]" started-at="2023-02-21T17:03:48Z" name="methodTearDown" finished-at="2023-02-21T17:03:48Z" duration-ms="0" status="SKIP">
          <reporter-output>
          </reporter-output>
        </test-method> <!-- methodTearDown -->
        <test-method is-config="true" signature="classTearDown()[pri:0, instance:testscripts.SecondTest@63a65a25]" started-at="2023-02-21T17:03:48Z" name="classTearDown" finished-at="2023-02-21T17:03:48Z" duration-ms="0" status="SKIP">
          <reporter-output>
          </reporter-output>
        </test-method> <!-- classTearDown -->
      </class> <!-- testscripts.SecondTest -->
      <class name="testscripts.FirstTest">
        <test-method is-config="true" signature="classConfigaration()[pri:0, instance:testscripts.FirstTest@6b26e945]" started-at="2023-02-21T17:03:48Z" name="classConfigaration" finished-at="2023-02-21T17:03:48Z" duration-ms="0" status="SKIP">
          <reporter-output>
          </reporter-output>
        </test-method> <!-- classConfigaration -->
        <test-method is-config="true" signature="methodConfiguration()[pri:0, instance:testscripts.FirstTest@6b26e945]" started-at="2023-02-21T17:03:48Z" name="methodConfiguration" finished-at="2023-02-21T17:03:48Z" duration-ms="0" status="SKIP">
          <reporter-output>
          </reporter-output>
        </test-method> <!-- methodConfiguration -->
        <test-method signature="firstTest()[pri:0, instance:testscripts.FirstTest@6b26e945]" started-at="2023-02-21T17:03:48Z" name="firstTest" finished-at="2023-02-21T17:03:48Z" duration-ms="2" status="SKIP">
          <reporter-output>
          </reporter-output>
        </test-method> <!-- firstTest -->
        <test-method is-config="true" signature="methodTearDown()[pri:0, instance:testscripts.FirstTest@6b26e945]" started-at="2023-02-21T17:03:48Z" name="methodTearDown" finished-at="2023-02-21T17:03:48Z" duration-ms="0" status="SKIP">
          <reporter-output>
          </reporter-output>
        </test-method> <!-- methodTearDown -->
        <test-method is-config="true" signature="classTearDown()[pri:0, instance:testscripts.FirstTest@6b26e945]" started-at="2023-02-21T17:03:48Z" name="classTearDown" finished-at="2023-02-21T17:03:48Z" duration-ms="0" status="SKIP">
          <reporter-output>
          </reporter-output>
        </test-method> <!-- classTearDown -->
      </class> <!-- testscripts.FirstTest -->
    </test> <!-- Test -->
  </suite> <!-- Suite -->
</testng-results>
